<?xml version="1.0" encoding="UTF-8"?>
<!-- Generated by org.testng.reporters.JUnitReportReporter -->
<testsuite hostname="DESKTOP-BDG07RO" failures="0" tests="1" name="testCases.TC002_LoginTest" time="2.142" errors="0" timestamp="2024-09-06T22:59:24 IST" skipped="0">
  <testcase classname="testCases.TC002_LoginTest" name="verify_account_registration" time="2.142"/>
  <system-out/>
</testsuite> <!-- testCases.TC002_LoginTest -->
