<?xml version="1.0" encoding="UTF-8"?>
<!-- Generated by org.testng.reporters.JUnitReportReporter -->
<testsuite hostname="DESKTOP-BDG07RO" failures="0" tests="1" name="testCases.TC002_LoginTest" time="1.990" errors="0" timestamp="2024-09-06T22:51:49 IST" skipped="0">
  <testcase classname="testCases.TC002_LoginTest" name="verify_account_registration" time="1.990"/>
</testsuite> <!-- testCases.TC002_LoginTest -->
